<?xml version="1.0" encoding="UTF-8"?>
<robot generator="Robot 5.0.1 (Python 3.10.5 on win32)" generated="20220810 18:59:15.792" rpa="false" schemaversion="3">
<suite id="s1" name="TC1 GET Request" source="C:\Users\irfandy4hmad\PycharmProjects\robotFrameworkAPIAutomation\TestCases\TC1_GET_Request.robot">
<test id="s1-t1" name="Get_UserInfo" line="10">
<kw name="Create Session" library="RequestsLibrary">
<arg>mysession</arg>
<arg>${base_url}</arg>
<doc>Create Session: create a HTTP session to a server</doc>
<msg timestamp="20220810 18:59:16.012" level="INFO">Creating Session using : alias=mysession, url=https://reqres.in, headers={},                     cookies={}, auth=None, timeout=None, proxies=None, verify=False,                     debug=0 </msg>
<status status="PASS" starttime="20220810 18:59:16.012" endtime="20220810 18:59:16.012"/>
</kw>
<kw name="GET On Session" library="RequestsLibrary">
<var>${response}</var>
<arg>mysession</arg>
<arg>/api/users/${user}</arg>
<doc>Sends a GET request on a previously created HTTP Session.</doc>
<msg timestamp="20220810 18:59:16.121" level="INFO">GET Request : url=https://reqres.in/api/users/2 
 path_url=/api/users/2 
 headers={'User-Agent': 'python-requests/2.28.1', 'Accept-Encoding': 'gzip, deflate', 'Accept': '*/*', 'Connection': 'keep-alive'} 
 body=None 
 </msg>
<msg timestamp="20220810 18:59:16.122" level="INFO">GET Response : url=https://reqres.in/api/users/2 
 status=200, reason=OK 
 headers={'Date': 'Wed, 10 Aug 2022 10:59:16 GMT', 'Content-Type': 'application/json; charset=utf-8', 'Transfer-Encoding': 'chunked', 'Connection': 'keep-alive', 'X-Powered-By': 'Express', 'Access-Control-Allow-Origin': '*', 'Etag': 'W/"118-pbdwwFo9SKNhD3Lx5iHJyngpq00"', 'Via': '1.1 vegur', 'Cache-Control': 'max-age=14400', 'CF-Cache-Status': 'HIT', 'Age': '2618', 'Expect-CT': 'max-age=604800, report-uri="https://report-uri.cloudflare.com/cdn-cgi/beacon/expect-ct"', 'Report-To': '{"endpoints":[{"url":"https:\\/\\/a.nel.cloudflare.com\\/report\\/v3?s=e%2FQIwI23YfjIzXF%2BUeSvs1dv3A7qs6QBS89ysdwSl4BZ0aujbFibAVcnGNtDbdH%2FI8lyFsAq7wf112btoUqZK8k71nseUM6JrRXDJZqw0m07sTVCi4UwJMzvyhnL73x23EkALvcUMQ%3D%3D"}],"group":"cf-nel","max_age":604800}', 'NEL': '{"success_fraction":0,"report_to":"cf-nel","max_age":604800}', 'Vary': 'Accept-Encoding', 'Server': 'cloudflare', 'CF-RAY': '7388389a195c7560-KUL', 'Content-Encoding': 'gzip'} 
 body={"data":{"id":2,"email":"janet.weaver@reqres.in","first_name":"Janet","last_name":"Weaver","avatar":"https://reqres.in/img/faces/2-image.jpg"},"support":{"url":"https://reqres.in/#support-heading","text":"To keep ReqRes free, contributions towards server costs are appreciated!"}} 
 </msg>
<msg timestamp="20220810 18:59:16.122" level="INFO">C:\Users\irfandy4hmad\AppData\Local\Programs\Python\Python310\lib\site-packages\urllib3\connectionpool.py:1045: InsecureRequestWarning: Unverified HTTPS request is being made to host 'reqres.in'. Adding certificate verification is strongly advised. See: https://urllib3.readthedocs.io/en/1.26.x/advanced-usage.html#ssl-warnings
  warnings.warn(</msg>
<msg timestamp="20220810 18:59:16.123" level="INFO">${response} = &lt;Response [200]&gt;</msg>
<status status="PASS" starttime="20220810 18:59:16.012" endtime="20220810 18:59:16.123"/>
</kw>
<kw name="Convert To String" library="BuiltIn">
<var>${statusCode}</var>
<arg>${response.status_code}</arg>
<doc>Converts the given item to a Unicode string.</doc>
<msg timestamp="20220810 18:59:16.127" level="INFO">${statusCode} = 200</msg>
<status status="PASS" starttime="20220810 18:59:16.124" endtime="20220810 18:59:16.127"/>
</kw>
<kw name="Should Be Equal" library="BuiltIn">
<arg>${statusCode}</arg>
<arg>200</arg>
<doc>Fails if the given objects are unequal.</doc>
<status status="PASS" starttime="20220810 18:59:16.129" endtime="20220810 18:59:16.130"/>
</kw>
<kw name="Convert To String" library="BuiltIn">
<var>${body}</var>
<arg>${response.content}</arg>
<doc>Converts the given item to a Unicode string.</doc>
<msg timestamp="20220810 18:59:16.133" level="INFO">${body} = {"data":{"id":2,"email":"janet.weaver@reqres.in","first_name":"Janet","last_name":"Weaver","avatar":"https://reqres.in/img/faces/2-image.jpg"},"support":{"url":"https://reqres.in/#support-heading","te...</msg>
<status status="PASS" starttime="20220810 18:59:16.131" endtime="20220810 18:59:16.133"/>
</kw>
<kw name="Should Contain" library="BuiltIn">
<arg>${body}</arg>
<arg>Janet</arg>
<doc>Fails if ``container`` does not contain ``item`` one or more times.</doc>
<status status="PASS" starttime="20220810 18:59:16.135" endtime="20220810 18:59:16.135"/>
</kw>
<kw name="Get From Dictionary" library="Collections">
<var>${contentTypeValue}</var>
<arg>${response.headers}</arg>
<arg>Content-Type</arg>
<doc>Returns a value from the given ``dictionary`` based on the given ``key``.</doc>
<msg timestamp="20220810 18:59:16.137" level="INFO">${contentTypeValue} = application/json; charset=utf-8</msg>
<status status="PASS" starttime="20220810 18:59:16.136" endtime="20220810 18:59:16.137"/>
</kw>
<kw name="Should Be Equal" library="BuiltIn">
<arg>${contentTypeValue}</arg>
<arg>application/json; charset=utf-8</arg>
<doc>Fails if the given objects are unequal.</doc>
<status status="PASS" starttime="20220810 18:59:16.138" endtime="20220810 18:59:16.138"/>
</kw>
<status status="PASS" starttime="20220810 18:59:15.997" endtime="20220810 18:59:16.139"/>
</test>
<status status="PASS" starttime="20220810 18:59:15.792" endtime="20220810 18:59:16.142"/>
</suite>
<statistics>
<total>
<stat pass="1" fail="0" skip="0">All Tests</stat>
</total>
<tag>
</tag>
<suite>
<stat pass="1" fail="0" skip="0" id="s1" name="TC1 GET Request">TC1 GET Request</stat>
</suite>
</statistics>
<errors>
</errors>
</robot>
