<?xml version="1.0" encoding="UTF-8"?>
<robot generator="Robot 5.0.1 (Python 3.10.5 on win32)" generated="20220817 13:52:46.224" rpa="false" schemaversion="3">
<suite id="s1" name="TC6 XML" source="C:\Users\irfandy4hmad\PycharmProjects\robotFrameworkAPIAutomation\TestCases\TC6_XML.robot">
<test id="s1-t1" name="TestCase1" line="7">
<kw name="Parse Xml" library="XML">
<var>${xml_obj}</var>
<arg>TestData/employees.xml</arg>
<doc>Parses the given XML file or string into an element structure.</doc>
<msg timestamp="20220817 13:52:46.314" level="INFO">${xml_obj} = &lt;Element 'employees' at 0x00000245280359E0&gt;</msg>
<status status="PASS" starttime="20220817 13:52:46.313" endtime="20220817 13:52:46.314"/>
</kw>
<kw name="Get Element Text" library="XML">
<var>${emp_firstname}</var>
<arg>${xml_obj}</arg>
<arg>.//employee[1]/firstname</arg>
<doc>Returns all text of the element, possibly whitespace normalized.</doc>
<msg timestamp="20220817 13:52:46.315" level="INFO">${emp_firstname} = John</msg>
<status status="PASS" starttime="20220817 13:52:46.315" endtime="20220817 13:52:46.315"/>
</kw>
<kw name="Should Be Equal" library="BuiltIn">
<arg>${emp_firstname}</arg>
<arg>John</arg>
<doc>Fails if the given objects are unequal.</doc>
<status status="PASS" starttime="20220817 13:52:46.316" endtime="20220817 13:52:46.316"/>
</kw>
<kw name="Get Element" library="XML">
<var>${emp_firstname}</var>
<arg>${xml_obj}</arg>
<arg>.//employee[1]/firstname</arg>
<doc>Returns an element in the ``source`` matching the ``xpath``.</doc>
<msg timestamp="20220817 13:52:46.317" level="INFO">${emp_firstname} = &lt;Element 'firstname' at 0x0000024528035A80&gt;</msg>
<status status="PASS" starttime="20220817 13:52:46.317" endtime="20220817 13:52:46.317"/>
</kw>
<kw name="Should Be Equal" library="BuiltIn">
<arg>${emp_firstname.text}</arg>
<arg>John</arg>
<doc>Fails if the given objects are unequal.</doc>
<status status="PASS" starttime="20220817 13:52:46.317" endtime="20220817 13:52:46.318"/>
</kw>
<kw name="Element Text Should Be" library="XML">
<arg>${xml_obj}</arg>
<arg>John</arg>
<arg>.//employee[1]/firstname</arg>
<doc>Verifies that the text of the specified element is ``expected``.</doc>
<status status="PASS" starttime="20220817 13:52:46.319" endtime="20220817 13:52:46.319"/>
</kw>
<kw name="Get Element Count" library="XML">
<var>${emp_count}</var>
<arg>${xml_obj}</arg>
<arg>.//employee</arg>
<doc>Returns and logs how many elements the given ``xpath`` matches.</doc>
<msg timestamp="20220817 13:52:46.319" level="INFO">4 elements matched './/employee'.</msg>
<msg timestamp="20220817 13:52:46.320" level="INFO">${emp_count} = 4</msg>
<status status="PASS" starttime="20220817 13:52:46.319" endtime="20220817 13:52:46.320"/>
</kw>
<kw name="Should Be Equal As Integers" library="BuiltIn">
<arg>${emp_count}</arg>
<arg>4</arg>
<doc>Fails if objects are unequal after converting them to integers.</doc>
<msg timestamp="20220817 13:52:46.320" level="INFO">Argument types are:
&lt;class 'int'&gt;
&lt;class 'str'&gt;</msg>
<status status="PASS" starttime="20220817 13:52:46.320" endtime="20220817 13:52:46.320"/>
</kw>
<kw name="Element Attribute Should Be" library="XML">
<arg>${xml_obj}</arg>
<arg>id</arg>
<arg>be129</arg>
<arg>.//employee[1]</arg>
<doc>Verifies that the specified attribute is ``expected``.</doc>
<status status="PASS" starttime="20220817 13:52:46.321" endtime="20220817 13:52:46.321"/>
</kw>
<kw name="Element Attribute Should Be" library="XML">
<arg>${xml_obj}</arg>
<arg>id</arg>
<arg>be132</arg>
<arg>.//employee[4]</arg>
<doc>Verifies that the specified attribute is ``expected``.</doc>
<status status="PASS" starttime="20220817 13:52:46.322" endtime="20220817 13:52:46.322"/>
</kw>
<kw name="Get Child Elements" library="XML">
<var>${child_elements}</var>
<arg>${xml_obj}</arg>
<arg>.//employee[1]</arg>
<doc>Returns the child elements of the specified element as a list.</doc>
<msg timestamp="20220817 13:52:46.324" level="INFO">${child_elements} = [&lt;Element 'firstname' at 0x0000024528035A80&gt;, &lt;Element 'lastname' at 0x0000024528035AD0&gt;, &lt;Element 'title' at 0x0000024528035B20&gt;, &lt;Element 'division' at 0x0000024528035B70&gt;, &lt;Element 'building' at 0x...</msg>
<status status="PASS" starttime="20220817 13:52:46.323" endtime="20220817 13:52:46.324"/>
</kw>
<kw name="Should Not Be Empty" library="BuiltIn">
<arg>${child_elements}</arg>
<doc>Verifies that the given item is not empty.</doc>
<msg timestamp="20220817 13:52:46.325" level="INFO">Length is 6</msg>
<status status="PASS" starttime="20220817 13:52:46.325" endtime="20220817 13:52:46.325"/>
</kw>
<kw name="Get Element Text" library="XML">
<var>${fname}</var>
<arg>${child_elements[0]}</arg>
<doc>Returns all text of the element, possibly whitespace normalized.</doc>
<msg timestamp="20220817 13:52:46.328" level="INFO">${fname} = John</msg>
<status status="PASS" starttime="20220817 13:52:46.326" endtime="20220817 13:52:46.329"/>
</kw>
<kw name="Get Element Text" library="XML">
<var>${lname}</var>
<arg>${child_elements[1]}</arg>
<doc>Returns all text of the element, possibly whitespace normalized.</doc>
<msg timestamp="20220817 13:52:46.332" level="INFO">${lname} = Doe</msg>
<status status="PASS" starttime="20220817 13:52:46.330" endtime="20220817 13:52:46.332"/>
</kw>
<kw name="Get Element Text" library="XML">
<var>${title}</var>
<arg>${child_elements[2]}</arg>
<doc>Returns all text of the element, possibly whitespace normalized.</doc>
<msg timestamp="20220817 13:52:46.333" level="INFO">${title} = Engineer</msg>
<status status="PASS" starttime="20220817 13:52:46.332" endtime="20220817 13:52:46.333"/>
</kw>
<kw name="Log To Console" library="BuiltIn">
<arg>${fname}</arg>
<doc>Logs the given message to the console.</doc>
<status status="PASS" starttime="20220817 13:52:46.334" endtime="20220817 13:52:46.334"/>
</kw>
<kw name="Log To Console" library="BuiltIn">
<arg>${lname}</arg>
<doc>Logs the given message to the console.</doc>
<status status="PASS" starttime="20220817 13:52:46.335" endtime="20220817 13:52:46.335"/>
</kw>
<kw name="Log To Console" library="BuiltIn">
<arg>${title}</arg>
<doc>Logs the given message to the console.</doc>
<status status="PASS" starttime="20220817 13:52:46.336" endtime="20220817 13:52:46.336"/>
</kw>
<kw name="Should Be Equal" library="BuiltIn">
<arg>${fname}</arg>
<arg>John</arg>
<doc>Fails if the given objects are unequal.</doc>
<status status="PASS" starttime="20220817 13:52:46.337" endtime="20220817 13:52:46.337"/>
</kw>
<kw name="Should Be Equal" library="BuiltIn">
<arg>${lname}</arg>
<arg>Doe</arg>
<doc>Fails if the given objects are unequal.</doc>
<status status="PASS" starttime="20220817 13:52:46.338" endtime="20220817 13:52:46.338"/>
</kw>
<kw name="Should Be Equal" library="BuiltIn">
<arg>${title}</arg>
<arg>Engineer</arg>
<doc>Fails if the given objects are unequal.</doc>
<status status="PASS" starttime="20220817 13:52:46.339" endtime="20220817 13:52:46.339"/>
</kw>
<status status="PASS" starttime="20220817 13:52:46.312" endtime="20220817 13:52:46.340"/>
</test>
<status status="PASS" starttime="20220817 13:52:46.226" endtime="20220817 13:52:46.341"/>
</suite>
<statistics>
<total>
<stat pass="1" fail="0" skip="0">All Tests</stat>
</total>
<tag>
</tag>
<suite>
<stat pass="1" fail="0" skip="0" id="s1" name="TC6 XML">TC6 XML</stat>
</suite>
</statistics>
<errors>
</errors>
</robot>
